[INFO] Scanning for projects...
[INFO] 
[INFO] --------------------< com.xsecret:xsecret-backend >---------------------
[INFO] Building xsecret-backend 0.0.1-SNAPSHOT
[INFO]   from pom.xml
[INFO] --------------------------------[ jar ]---------------------------------
[INFO] 
[INFO] >>> spring-boot:3.2.1:run (default-cli) > test-compile @ xsecret-backend >>>
[INFO] 
[INFO] --- resources:3.3.1:resources (default-resources) @ xsecret-backend ---
[INFO] Copying 1 resource from src/main/resources to target/classes
[INFO] Copying 3 resources from src/main/resources to target/classes
[INFO] 
[INFO] --- compiler:3.11.0:compile (default-compile) @ xsecret-backend ---
[INFO] Nothing to compile - all classes are up to date
[INFO] 
[INFO] --- resources:3.3.1:testResources (default-testResources) @ xsecret-backend ---
[INFO] skip non existing resourceDirectory /Users/ngogiakhanh/Documents/Coder - Zakyn/Dự án XSecret/zcsnae.888/ymzfc88/ymzfc88_BE/src/test/resources
[INFO] 
[INFO] --- compiler:3.11.0:testCompile (default-testCompile) @ xsecret-backend ---
[INFO] No sources to compile
[INFO] 
[INFO] <<< spring-boot:3.2.1:run (default-cli) < test-compile @ xsecret-backend <<<
[INFO] 
[INFO] 
[INFO] --- spring-boot:3.2.1:run (default-cli) @ xsecret-backend ---
[INFO] Attaching agents: []

  .   ____          _            __ _ _
 /\\ / ___'_ __ _ _(_)_ __  __ _ \ \ \ \
( ( )\___ | '_ | '_| | '_ \/ _` | \ \ \ \
 \\/  ___)| |_)| | | | | || (_| |  ) ) ) )
  '  |____| .__|_| |_|_| |_\__, | / / / /
 =========|_|==============|___/=/_/_/_/
 :: Spring Boot ::                (v3.2.1)

2025-10-10T14:32:33.124+07:00  INFO 15390 --- [           main] com.xsecret.XSecretBackendApplication    : Starting XSecretBackendApplication using Java 17.0.15 with PID 15390 (/Users/ngogiakhanh/Documents/Coder - Zakyn/Dự án XSecret/zcsnae.888/ymzfc88/ymzfc88_BE/target/classes started by ngogiakhanh in /Users/ngogiakhanh/Documents/Coder - Zakyn/Dự án XSecret/zcsnae.888/ymzfc88/ymzfc88_BE)
2025-10-10T14:32:33.125+07:00 DEBUG 15390 --- [           main] com.xsecret.XSecretBackendApplication    : Running with Spring Boot v3.2.1, Spring v6.1.2
2025-10-10T14:32:33.126+07:00  INFO 15390 --- [           main] com.xsecret.XSecretBackendApplication    : No active profile set, falling back to 1 default profile: "default"
2025-10-10T14:32:33.492+07:00  INFO 15390 --- [           main] .s.d.r.c.RepositoryConfigurationDelegate : Bootstrapping Spring Data JPA repositories in DEFAULT mode.
2025-10-10T14:32:33.547+07:00  INFO 15390 --- [           main] .s.d.r.c.RepositoryConfigurationDelegate : Finished Spring Data repository scanning in 50 ms. Found 13 JPA repository interfaces.
2025-10-10T14:32:33.864+07:00  INFO 15390 --- [           main] o.s.b.w.embedded.tomcat.TomcatWebServer  : Tomcat initialized with port 8080 (http)
2025-10-10T14:32:33.869+07:00  INFO 15390 --- [           main] o.apache.catalina.core.StandardService   : Starting service [Tomcat]
2025-10-10T14:32:33.869+07:00  INFO 15390 --- [           main] o.apache.catalina.core.StandardEngine    : Starting Servlet engine: [Apache Tomcat/10.1.17]
2025-10-10T14:32:33.895+07:00  INFO 15390 --- [           main] o.a.c.c.C.[Tomcat].[localhost].[/api]    : Initializing Spring embedded WebApplicationContext
2025-10-10T14:32:33.895+07:00  INFO 15390 --- [           main] w.s.c.ServletWebServerApplicationContext : Root WebApplicationContext: initialization completed in 747 ms
2025-10-10T14:32:33.966+07:00  INFO 15390 --- [           main] o.hibernate.jpa.internal.util.LogHelper  : HHH000204: Processing PersistenceUnitInfo [name: default]
2025-10-10T14:32:33.994+07:00  INFO 15390 --- [           main] org.hibernate.Version                    : HHH000412: Hibernate ORM core version 6.4.1.Final
2025-10-10T14:32:34.015+07:00  INFO 15390 --- [           main] o.h.c.internal.RegionFactoryInitiator    : HHH000026: Second-level cache disabled
2025-10-10T14:32:34.126+07:00  INFO 15390 --- [           main] o.s.o.j.p.SpringPersistenceUnitInfo      : No LoadTimeWeaver setup: ignoring JPA class transformer
2025-10-10T14:32:34.141+07:00  INFO 15390 --- [           main] com.zaxxer.hikari.HikariDataSource       : HikariPool-1 - Starting...
2025-10-10T14:32:34.241+07:00  INFO 15390 --- [           main] com.zaxxer.hikari.pool.HikariPool        : HikariPool-1 - Added connection com.mysql.cj.jdbc.ConnectionImpl@6fd1ea75
2025-10-10T14:32:34.242+07:00  INFO 15390 --- [           main] com.zaxxer.hikari.HikariDataSource       : HikariPool-1 - Start completed.
2025-10-10T14:32:34.276+07:00  WARN 15390 --- [           main] org.hibernate.orm.deprecation            : HHH90000025: MySQLDialect does not need to be specified explicitly using 'hibernate.dialect' (remove the property setting and it will be selected by default)
2025-10-10T14:32:34.901+07:00  INFO 15390 --- [           main] o.h.e.t.j.p.i.JtaPlatformInitiator       : HHH000489: No JTA platform available (set 'hibernate.transaction.jta.platform' to enable JTA platform integration)
2025-10-10T14:32:35.021+07:00  INFO 15390 --- [           main] j.LocalContainerEntityManagerFactoryBean : Initialized JPA EntityManagerFactory for persistence unit 'default'
2025-10-10T14:32:35.167+07:00  INFO 15390 --- [           main] o.s.d.j.r.query.QueryEnhancerFactory     : Hibernate is in classpath; If applicable, HQL parser will be used.
2025-10-10T14:32:35.663+07:00 DEBUG 15390 --- [           main] c.x.security.JwtAuthenticationFilter     : Filter 'jwtAuthenticationFilter' configured for use
2025-10-10T14:32:36.210+07:00  WARN 15390 --- [           main] JpaBaseConfiguration$JpaWebConfiguration : spring.jpa.open-in-view is enabled by default. Therefore, database queries may be performed during view rendering. Explicitly configure spring.jpa.open-in-view to disable this warning
2025-10-10T14:32:36.401+07:00  INFO 15390 --- [           main] o.s.s.web.DefaultSecurityFilterChain     : Will secure any request with [org.springframework.security.web.session.DisableEncodeUrlFilter@10d0ca5a, org.springframework.security.web.context.request.async.WebAsyncManagerIntegrationFilter@5a9dabd3, org.springframework.security.web.context.SecurityContextHolderFilter@1d954c50, org.springframework.security.web.header.HeaderWriterFilter@157a0109, org.springframework.web.filter.CorsFilter@16727a8c, org.springframework.security.web.authentication.logout.LogoutFilter@2d617d27, com.xsecret.security.JwtAuthenticationFilter@7e24d565, org.springframework.security.web.savedrequest.RequestCacheAwareFilter@633f30af, org.springframework.security.web.servletapi.SecurityContextHolderAwareRequestFilter@6393a745, org.springframework.security.web.authentication.AnonymousAuthenticationFilter@b70d29c, org.springframework.security.web.session.SessionManagementFilter@496b3cb8, org.springframework.security.web.access.ExceptionTranslationFilter@7c7afce7, org.springframework.security.web.access.intercept.AuthorizationFilter@68645c77]
2025-10-10T14:32:36.567+07:00  WARN 15390 --- [           main] ConfigServletWebServerApplicationContext : Exception encountered during context initialization - cancelling refresh attempt: org.springframework.context.ApplicationContextException: Failed to start bean 'webServerStartStop'
2025-10-10T14:32:36.570+07:00  INFO 15390 --- [           main] j.LocalContainerEntityManagerFactoryBean : Closing JPA EntityManagerFactory for persistence unit 'default'
2025-10-10T14:32:36.571+07:00  INFO 15390 --- [           main] com.zaxxer.hikari.HikariDataSource       : HikariPool-1 - Shutdown initiated...
2025-10-10T14:32:36.574+07:00  INFO 15390 --- [           main] com.zaxxer.hikari.HikariDataSource       : HikariPool-1 - Shutdown completed.
2025-10-10T14:32:36.580+07:00  INFO 15390 --- [           main] .s.b.a.l.ConditionEvaluationReportLogger : 

Error starting ApplicationContext. To display the condition evaluation report re-run your application with 'debug' enabled.
2025-10-10T14:32:36.589+07:00 ERROR 15390 --- [           main] o.s.b.d.LoggingFailureAnalysisReporter   : 

***************************
APPLICATION FAILED TO START
***************************

Description:

Web server failed to start. Port 8080 was already in use.

Action:

Identify and stop the process that's listening on port 8080 or configure this application to listen on another port.

[INFO] ------------------------------------------------------------------------
[INFO] BUILD FAILURE
[INFO] ------------------------------------------------------------------------
[INFO] Total time:  4.809 s
[INFO] Finished at: 2025-10-10T14:32:36+07:00
[INFO] ------------------------------------------------------------------------
[ERROR] Failed to execute goal org.springframework.boot:spring-boot-maven-plugin:3.2.1:run (default-cli) on project xsecret-backend: Process terminated with exit code: 1 -> [Help 1]
[ERROR] 
[ERROR] To see the full stack trace of the errors, re-run Maven with the -e switch.
[ERROR] Re-run Maven using the -X switch to enable full debug logging.
[ERROR] 
[ERROR] For more information about the errors and possible solutions, please read the following articles:
[ERROR] [Help 1] http://cwiki.apache.org/confluence/display/MAVEN/MojoExecutionException
